[0414/192410.994:ERROR:process_reader_win.cc(142)] SuspendThread: 拒绝访问。 (0x5)
[0414/192410.994:ERROR:process_reader_win.cc(142)] SuspendThread: 拒绝访问。 (0x5)
[0414/192410.996:ERROR:process_reader_win.cc(142)] SuspendThread: 拒绝访问。 (0x5)
[0414/192410.994:ERROR:process_reader_win.cc(142)] SuspendThread: 拒绝访问。 (0x5)
[0414/192410.996:ERROR:process_reader_win.cc(142)] SuspendThread: 拒绝访问。 (0x5)
[0414/192410.996:ERROR:process_reader_win.cc(142)] SuspendThread: 拒绝访问。 (0x5)
[0414/192410.996:ERROR:process_reader_win.cc(142)] SuspendThread: 拒绝访问。 (0x5)
[0414/192410.996:ERROR:process_reader_win.cc(142)] SuspendThread: 拒绝访问。 (0x5)
[0414/192410.996:ERROR:process_reader_win.cc(142)] SuspendThread: 拒绝访问。 (0x5)
[0414/192410.997:ERROR:process_reader_win.cc(142)] SuspendThread: 拒绝访问。 (0x5)
[0414/192410.997:ERROR:process_reader_win.cc(142)] SuspendThread: 拒绝访问。 (0x5)
[0414/192410.997:ERROR:process_reader_win.cc(142)] SuspendThread: 拒绝访问。 (0x5)
[0414/192410.997:ERROR:process_reader_win.cc(142)] SuspendThread: 拒绝访问。 (0x5)
[0414/192410.997:ERROR:process_reader_win.cc(142)] SuspendThread: 拒绝访问。 (0x5)
[0414/192410.996:ERROR:process_reader_win.cc(142)] SuspendThread: 拒绝访问。 (0x5)
[0414/192410.997:ERROR:process_reader_win.cc(142)] SuspendThread: 拒绝访问。 (0x5)
[0414/192410.997:ERROR:process_reader_win.cc(142)] SuspendThread: 拒绝访问。 (0x5)
[0414/192410.997:ERROR:process_reader_win.cc(142)] SuspendThread: 拒绝访问。 (0x5)
[0414/192410.997:ERROR:process_reader_win.cc(142)] SuspendThread: 拒绝访问。 (0x5)
[0414/192410.997:ERROR:process_reader_win.cc(142)] SuspendThread: 拒绝访问。 (0x5)
[0414/192410.996:ERROR:process_reader_win.cc(142)] SuspendThread: 拒绝访问。 (0x5)
[0414/192410.997:ERROR:process_reader_win.cc(142)] SuspendThread: 拒绝访问。 (0x5)
[0414/192410.997:ERROR:process_reader_win.cc(142)] SuspendThread: 拒绝访问。 (0x5)
[0414/192410.997:ERROR:process_reader_win.cc(142)] SuspendThread: 拒绝访问。 (0x5)
[0414/192410.997:ERROR:process_reader_win.cc(142)] SuspendThread: 拒绝访问。 (0x5)
[0414/192410.997:ERROR:process_reader_win.cc(142)] SuspendThread: 拒绝访问。 (0x5)
[0414/192410.997:ERROR:process_reader_win.cc(142)] SuspendThread: 拒绝访问。 (0x5)
[0414/192411.009:ERROR:process_reader_win.cc(233)] ReadMemory at 0x57b0048 of 32768 bytes failed: 仅完成部分的 ReadProcessMemory 或 WriteProcessMemory 请求。 (0x12B)
[0414/192411.009:WARNING:pe_image_annotations_reader.cc(65)] could not read simple annotations from C:\Program Files (x86)\Google\Chrome\Application\57.0.2987.133\chrome_elf.dll
[0414/192411.010:ERROR:process_reader_win.cc(233)] ReadMemory at 0x5530048 of 32768 bytes failed: 仅完成部分的 ReadProcessMemory 或 WriteProcessMemory 请求。 (0x12B)
[0414/192411.010:WARNING:pe_image_annotations_reader.cc(65)] could not read simple annotations from C:\Program Files (x86)\Google\Chrome\Application\57.0.2987.133\chrome_elf.dll
[0414/192411.071:ERROR:process_reader_win.cc(142)] SuspendThread: 拒绝访问。 (0x5)
[0414/192411.071:ERROR:process_reader_win.cc(142)] SuspendThread: 拒绝访问。 (0x5)
[0414/192411.071:ERROR:process_reader_win.cc(142)] SuspendThread: 拒绝访问。 (0x5)
[0414/192411.071:ERROR:process_reader_win.cc(142)] SuspendThread: 拒绝访问。 (0x5)
[0414/192411.071:ERROR:process_reader_win.cc(142)] SuspendThread: 拒绝访问。 (0x5)
[0414/192411.071:ERROR:process_reader_win.cc(142)] SuspendThread: 拒绝访问。 (0x5)
[0414/192411.071:ERROR:process_reader_win.cc(142)] SuspendThread: 拒绝访问。 (0x5)
[0414/192411.071:ERROR:process_reader_win.cc(142)] SuspendThread: 拒绝访问。 (0x5)
[0414/192411.071:ERROR:process_reader_win.cc(142)] SuspendThread: 拒绝访问。 (0x5)
[0414/192411.072:ERROR:process_reader_win.cc(142)] SuspendThread: 拒绝访问。 (0x5)
[0414/192411.072:ERROR:process_reader_win.cc(142)] SuspendThread: 拒绝访问。 (0x5)
[0414/192411.071:ERROR:process_reader_win.cc(142)] SuspendThread: 拒绝访问。 (0x5)
[0414/192411.072:ERROR:process_reader_win.cc(142)] SuspendThread: 拒绝访问。 (0x5)
[0414/192411.072:ERROR:process_reader_win.cc(142)] SuspendThread: 拒绝访问。 (0x5)
[0414/192411.072:ERROR:process_reader_win.cc(142)] SuspendThread: 拒绝访问。 (0x5)
[0414/192411.072:ERROR:process_reader_win.cc(142)] SuspendThread: 拒绝访问。 (0x5)
[0414/192411.072:ERROR:process_reader_win.cc(142)] SuspendThread: 拒绝访问。 (0x5)
[0414/192411.072:ERROR:process_reader_win.cc(142)] SuspendThread: 拒绝访问。 (0x5)
[0414/192411.073:ERROR:process_reader_win.cc(142)] SuspendThread: 拒绝访问。 (0x5)
[0414/192411.073:ERROR:process_reader_win.cc(142)] SuspendThread: 拒绝访问。 (0x5)
[0414/192411.073:ERROR:process_reader_win.cc(142)] SuspendThread: 拒绝访问。 (0x5)
[0414/192411.073:ERROR:process_reader_win.cc(142)] SuspendThread: 拒绝访问。 (0x5)
[0414/192411.073:ERROR:process_reader_win.cc(142)] SuspendThread: 拒绝访问。 (0x5)
[0414/192411.073:ERROR:process_reader_win.cc(142)] SuspendThread: 拒绝访问。 (0x5)
[0414/192411.073:ERROR:process_reader_win.cc(142)] SuspendThread: 拒绝访问。 (0x5)
[0414/192411.073:ERROR:process_reader_win.cc(142)] SuspendThread: 拒绝访问。 (0x5)
[0414/192411.073:ERROR:process_reader_win.cc(142)] SuspendThread: 拒绝访问。 (0x5)
[0414/192411.073:ERROR:process_reader_win.cc(142)] SuspendThread: 拒绝访问。 (0x5)
[0414/192411.081:ERROR:process_reader_win.cc(233)] ReadMemory at 0x5460048 of 32768 bytes failed: 仅完成部分的 ReadProcessMemory 或 WriteProcessMemory 请求。 (0x12B)
[0414/192411.081:WARNING:pe_image_annotations_reader.cc(65)] could not read simple annotations from C:\Program Files (x86)\Google\Chrome\Application\57.0.2987.133\chrome_elf.dll
[0414/192411.081:ERROR:process_reader_win.cc(233)] ReadMemory at 0x5c90048 of 32768 bytes failed: 仅完成部分的 ReadProcessMemory 或 WriteProcessMemory 请求。 (0x12B)
[0414/192411.081:WARNING:pe_image_annotations_reader.cc(65)] could not read simple annotations from C:\Program Files (x86)\Google\Chrome\Application\57.0.2987.133\chrome_elf.dll
[0414/192411.082:ERROR:process_reader_win.cc(233)] ReadMemory at 0x5350048 of 32768 bytes failed: 仅完成部分的 ReadProcessMemory 或 WriteProcessMemory 请求。 (0x12B)
[0414/192411.082:WARNING:pe_image_annotations_reader.cc(65)] could not read simple annotations from C:\Program Files (x86)\Google\Chrome\Application\57.0.2987.133\chrome_elf.dll
[0414/192411.173:ERROR:process_info.cc(343)] VirtualQueryEx: 拒绝访问。 (0x5)
[0414/192411.173:ERROR:process_info.cc(564)] ReadMemoryInfo failed
[0414/192411.175:ERROR:process_reader_win.cc(142)] SuspendThread: 拒绝访问。 (0x5)
[0414/192411.175:ERROR:exception_snapshot_win.cc(87)] thread ID 2140 not found in process
[0414/192411.175:WARNING:crash_report_exception_handler.cc(60)] ProcessSnapshotWin::Initialize failed
[0414/192411.175:ERROR:scoped_process_suspend.cc(38)] NtResumeProcess: 已尝试访问正在退出的过程。  (0xc000010a)
[0414/193652.412:ERROR:process_reader_win.cc(142)] SuspendThread: 拒绝访问。 (0x5)
[0414/193652.413:ERROR:process_reader_win.cc(142)] SuspendThread: 拒绝访问。 (0x5)
[0414/193652.413:ERROR:process_reader_win.cc(142)] SuspendThread: 拒绝访问。 (0x5)
[0414/193652.413:ERROR:process_reader_win.cc(142)] SuspendThread: 拒绝访问。 (0x5)
[0414/193652.413:ERROR:process_reader_win.cc(142)] SuspendThread: 拒绝访问。 (0x5)
[0414/193652.413:ERROR:process_reader_win.cc(142)] SuspendThread: 拒绝访问。 (0x5)
[0414/193652.413:ERROR:process_reader_win.cc(142)] SuspendThread: 拒绝访问。 (0x5)
[0414/193652.413:ERROR:process_reader_win.cc(142)] SuspendThread: 拒绝访问。 (0x5)
[0414/193652.417:ERROR:process_reader_win.cc(142)] SuspendThread: 拒绝访问。 (0x5)
[0414/193652.417:ERROR:process_reader_win.cc(142)] SuspendThread: 拒绝访问。 (0x5)
[0414/193652.417:ERROR:process_reader_win.cc(142)] SuspendThread: 拒绝访问。 (0x5)
[0414/193652.417:ERROR:process_reader_win.cc(142)] SuspendThread: 拒绝访问。 (0x5)
[0414/193652.417:ERROR:process_reader_win.cc(142)] SuspendThread: 拒绝访问。 (0x5)
[0414/193652.417:ERROR:process_reader_win.cc(142)] SuspendThread: 拒绝访问。 (0x5)
[0414/193652.417:ERROR:process_reader_win.cc(142)] SuspendThread: 拒绝访问。 (0x5)
[0414/193652.417:ERROR:process_reader_win.cc(142)] SuspendThread: 拒绝访问。 (0x5)
[0414/193652.417:ERROR:process_reader_win.cc(142)] SuspendThread: 拒绝访问。 (0x5)
[0414/193652.417:ERROR:process_reader_win.cc(142)] SuspendThread: 拒绝访问。 (0x5)
[0414/193652.417:ERROR:process_reader_win.cc(142)] SuspendThread: 拒绝访问。 (0x5)
[0414/193652.426:ERROR:process_reader_win.cc(233)] ReadMemory at 0x54f0048 of 32768 bytes failed: 仅完成部分的 ReadProcessMemory 或 WriteProcessMemory 请求。 (0x12B)
[0414/193652.426:WARNING:pe_image_annotations_reader.cc(65)] could not read simple annotations from C:\Program Files (x86)\Google\Chrome\Application\57.0.2987.133\chrome_elf.dll
[0414/193652.428:ERROR:process_reader_win.cc(233)] ReadMemory at 0x5240048 of 32768 bytes failed: 仅完成部分的 ReadProcessMemory 或 WriteProcessMemory 请求。 (0x12B)
[0414/193652.428:WARNING:pe_image_annotations_reader.cc(65)] could not read simple annotations from C:\Program Files (x86)\Google\Chrome\Application\57.0.2987.133\chrome_elf.dll
[0414/193652.481:ERROR:process_reader_win.cc(142)] SuspendThread: 拒绝访问。 (0x5)
[0414/193652.481:ERROR:process_reader_win.cc(142)] SuspendThread: 拒绝访问。 (0x5)
[0414/193652.481:ERROR:process_reader_win.cc(142)] SuspendThread: 拒绝访问。 (0x5)
[0414/193652.481:ERROR:process_reader_win.cc(142)] SuspendThread: 拒绝访问。 (0x5)
[0414/193652.481:ERROR:process_reader_win.cc(142)] SuspendThread: 拒绝访问。 (0x5)
[0414/193652.481:ERROR:process_reader_win.cc(142)] SuspendThread: 拒绝访问。 (0x5)
[0414/193652.481:ERROR:process_reader_win.cc(142)] SuspendThread: 拒绝访问。 (0x5)
[0414/193652.481:ERROR:process_reader_win.cc(142)] SuspendThread: 拒绝访问。 (0x5)
[0414/193652.481:ERROR:process_reader_win.cc(142)] SuspendThread: 拒绝访问。 (0x5)
[0414/193652.481:ERROR:process_reader_win.cc(142)] SuspendThread: 拒绝访问。 (0x5)
[0414/193652.481:ERROR:process_reader_win.cc(142)] SuspendThread: 拒绝访问。 (0x5)
[0414/193652.488:ERROR:process_reader_win.cc(142)] SuspendThread: 拒绝访问。 (0x5)
[0414/193652.488:ERROR:process_reader_win.cc(142)] SuspendThread: 拒绝访问。 (0x5)
[0414/193652.488:ERROR:process_reader_win.cc(142)] SuspendThread: 拒绝访问。 (0x5)
[0414/193652.488:ERROR:process_reader_win.cc(142)] SuspendThread: 拒绝访问。 (0x5)
[0414/193652.488:ERROR:process_reader_win.cc(142)] SuspendThread: 拒绝访问。 (0x5)
[0414/193652.488:ERROR:process_reader_win.cc(142)] SuspendThread: 拒绝访问。 (0x5)
[0414/193652.488:ERROR:process_reader_win.cc(142)] SuspendThread: 拒绝访问。 (0x5)
[0414/193652.488:ERROR:process_reader_win.cc(142)] SuspendThread: 拒绝访问。 (0x5)
[0414/193652.488:ERROR:process_reader_win.cc(142)] SuspendThread: 拒绝访问。 (0x5)
[0414/193652.490:ERROR:process_reader_win.cc(233)] ReadMemory at 0x5900048 of 32768 bytes failed: 仅完成部分的 ReadProcessMemory 或 WriteProcessMemory 请求。 (0x12B)
[0414/193652.490:WARNING:pe_image_annotations_reader.cc(65)] could not read simple annotations from C:\Program Files (x86)\Google\Chrome\Application\57.0.2987.133\chrome_elf.dll
[0414/193652.497:ERROR:process_reader_win.cc(233)] ReadMemory at 0x57c0048 of 32768 bytes failed: 仅完成部分的 ReadProcessMemory 或 WriteProcessMemory 请求。 (0x12B)
[0414/193652.497:WARNING:pe_image_annotations_reader.cc(65)] could not read simple annotations from C:\Program Files (x86)\Google\Chrome\Application\57.0.2987.133\chrome_elf.dll
[0414/193652.511:ERROR:process_reader_win.cc(142)] SuspendThread: 拒绝访问。 (0x5)
[0414/193652.511:ERROR:process_reader_win.cc(142)] SuspendThread: 拒绝访问。 (0x5)
[0414/193652.511:ERROR:process_reader_win.cc(142)] SuspendThread: 拒绝访问。 (0x5)
[0414/193652.511:ERROR:process_reader_win.cc(142)] SuspendThread: 拒绝访问。 (0x5)
[0414/193652.511:ERROR:process_reader_win.cc(142)] SuspendThread: 拒绝访问。 (0x5)
[0414/193652.511:ERROR:process_reader_win.cc(142)] SuspendThread: 拒绝访问。 (0x5)
[0414/193652.511:ERROR:process_reader_win.cc(142)] SuspendThread: 拒绝访问。 (0x5)
[0414/193652.511:ERROR:process_reader_win.cc(142)] SuspendThread: 拒绝访问。 (0x5)
[0414/193652.511:ERROR:process_reader_win.cc(142)] SuspendThread: 拒绝访问。 (0x5)
[0414/193652.511:ERROR:process_reader_win.cc(142)] SuspendThread: 拒绝访问。 (0x5)
[0414/193652.520:ERROR:process_reader_win.cc(233)] ReadMemory at 0x5530048 of 32768 bytes failed: 仅完成部分的 ReadProcessMemory 或 WriteProcessMemory 请求。 (0x12B)
[0414/193652.520:WARNING:pe_image_annotations_reader.cc(65)] could not read simple annotations from C:\Program Files (x86)\Google\Chrome\Application\57.0.2987.133\chrome_elf.dll
[0414/193652.530:ERROR:process_reader_win.cc(142)] SuspendThread: 拒绝访问。 (0x5)
[0414/193652.550:ERROR:process_reader_win.cc(233)] ReadMemory at 0x5eb0048 of 32768 bytes failed: 仅完成部分的 ReadProcessMemory 或 WriteProcessMemory 请求。 (0x12B)
[0414/193652.551:WARNING:pe_image_annotations_reader.cc(65)] could not read simple annotations from C:\Program Files (x86)\Google\Chrome\Application\57.0.2987.133\chrome_elf.dll
